0 info it worked if it ends with ok
1 verbose cli [ 'C:\\Program Files\\nodejs\\node.exe',
1 verbose cli   'C:\\Program Files\\nodejs\\node_modules\\npm\\bin\\npm-cli.js',
1 verbose cli   'run',
1 verbose cli   'commit' ]
2 info using npm@3.10.8
3 info using node@v6.9.1
4 verbose run-script [ 'precommit', 'commit', 'postcommit' ]
5 info lifecycle starwars-names-hp@0.0.0-development~precommit: starwars-names-hp@0.0.0-development
6 silly lifecycle starwars-names-hp@0.0.0-development~precommit: no script for precommit, continuing
7 info lifecycle starwars-names-hp@0.0.0-development~commit: starwars-names-hp@0.0.0-development
8 verbose lifecycle starwars-names-hp@0.0.0-development~commit: unsafe-perm in lifecycle true
9 verbose lifecycle starwars-names-hp@0.0.0-development~commit: PATH: C:\Program Files\nodejs\node_modules\npm\bin\node-gyp-bin;C:\Development\starwars-names\node_modules\.bin;C:\Program Files\Docker\Docker\Resources\bin;C:\Python27\;C:\Python27\Scripts;C:\Program Files (x86)\Intel\iCLS Client\;C:\Program Files\Intel\iCLS Client\;C:\WINDOWS\system32;C:\WINDOWS;C:\WINDOWS\System32\Wbem;C:\WINDOWS\System32\WindowsPowerShell\v1.0\;C:\Program Files\nodejs\;C:\Users\jozcar\.dnx\bin;C:\Program Files\Microsoft DNX\Dnvm\;C:\Program Files\Intel\Intel(R) Management Engine Components\DAL;C:\Program Files\Intel\Intel(R) Management Engine Components\IPT;C:\Program Files (x86)\Intel\Intel(R) Management Engine Components\DAL;C:\Program Files (x86)\Intel\Intel(R) Management Engine Components\IPT;C:\Program Files\Microsoft SQL Server\130\Tools\Binn\;C:\Program Files (x86)\GtkSharp\2.12\bin;C:\Program Files\dotnet\;C:\ProgramData\chocolatey\bin;C:\Program Files\Java\jdk1.8.0_131\bin;C:\Users\jozcar\AppData\Local\Android\sdk\platform-tools;C:\Program Files\PuTTY\;C:\Program Files\Git\cmd;C:\Program Files (x86)\Windows Kits\8.1\Windows Performance Toolkit\;C:\Users\jozcar\AppData\Local\Microsoft\WindowsApps;C:\Users\jozcar\AppData\Roaming\npm;C:\Program Files (x86)\Microsoft VS Code\bin;
10 verbose lifecycle starwars-names-hp@0.0.0-development~commit: CWD: C:\Development\starwars-names
11 silly lifecycle starwars-names-hp@0.0.0-development~commit: Args: [ '/d /s /c', 'git-cz' ]
12 silly lifecycle starwars-names-hp@0.0.0-development~commit: Returned: code: 1  signal: null
13 info lifecycle starwars-names-hp@0.0.0-development~commit: Failed to exec commit script
14 verbose stack Error: starwars-names-hp@0.0.0-development commit: `git-cz`
14 verbose stack Exit status 1
14 verbose stack     at EventEmitter.<anonymous> (C:\Program Files\nodejs\node_modules\npm\lib\utils\lifecycle.js:255:16)
14 verbose stack     at emitTwo (events.js:106:13)
14 verbose stack     at EventEmitter.emit (events.js:191:7)
14 verbose stack     at ChildProcess.<anonymous> (C:\Program Files\nodejs\node_modules\npm\lib\utils\spawn.js:40:14)
14 verbose stack     at emitTwo (events.js:106:13)
14 verbose stack     at ChildProcess.emit (events.js:191:7)
14 verbose stack     at maybeClose (internal/child_process.js:877:16)
14 verbose stack     at Process.ChildProcess._handle.onexit (internal/child_process.js:226:5)
15 verbose pkgid starwars-names-hp@0.0.0-development
16 verbose cwd C:\Development\starwars-names
17 error Windows_NT 10.0.16299
18 error argv "C:\\Program Files\\nodejs\\node.exe" "C:\\Program Files\\nodejs\\node_modules\\npm\\bin\\npm-cli.js" "run" "commit"
19 error node v6.9.1
20 error npm  v3.10.8
21 error code ELIFECYCLE
22 error starwars-names-hp@0.0.0-development commit: `git-cz`
22 error Exit status 1
23 error Failed at the starwars-names-hp@0.0.0-development commit script 'git-cz'.
23 error Make sure you have the latest version of node.js and npm installed.
23 error If you do, this is most likely a problem with the starwars-names-hp package,
23 error not with npm itself.
23 error Tell the author that this fails on your system:
23 error     git-cz
23 error You can get information on how to open an issue for this project with:
23 error     npm bugs starwars-names-hp
23 error Or if that isn't available, you can get their info via:
23 error     npm owner ls starwars-names-hp
23 error There is likely additional logging output above.
24 verbose exit [ 1, true ]
